<?xml version="1.0" encoding="UTF-8"?>
<!-- Generated by org.testng.reporters.JUnitXMLReporter -->
<testsuite ignored="2" hostname="LAPTOP-78I34NMD" failures="0" tests="1" name="Default test" time="5.595" errors="0" timestamp="2022-04-18T10:01:50 IST">
  <testcase classname="RestAssuredTest" name="postReqMethodPojo" time="5.538"/>
  <testcase classname="RestAssuredTest" name="getMethod" time="0.0">
    <ignored/>
  </testcase> <!-- getMethod -->
  <testcase classname="RestAssuredTest" name="putReqMethodPojo" time="0.0">
    <ignored/>
  </testcase> <!-- putReqMethodPojo -->
</testsuite> <!-- Default test -->
