<?xml version="1.0" encoding="UTF-8"?>
<testng-results ignored="2" total="3" passed="1" failed="0" skipped="0">
  <reporter-output>
  </reporter-output>
  <suite started-at="2022-04-18T10:01:45 IST" name="Default suite" finished-at="2022-04-18T10:01:50 IST" duration-ms="5595">
    <groups>
    </groups>
    <test started-at="2022-04-18T10:01:45 IST" name="Default test" finished-at="2022-04-18T10:01:50 IST" duration-ms="5595">
      <class name="RestAssuredTest">
        <test-method signature="postReqMethodPojo()[pri:0, instance:RestAssuredTest@be35cd9]" started-at="2022-04-18T10:01:45 IST" name="postReqMethodPojo" description="get id from response and store it in a variable" finished-at="2022-04-18T10:01:50 IST" duration-ms="5538" status="PASS">
          <reporter-output>
          </reporter-output>
        </test-method> <!-- postReqMethodPojo -->
      </class> <!-- RestAssuredTest -->
    </test> <!-- Default test -->
  </suite> <!-- Default suite -->
</testng-results>
